2025-04-21T01:33:39.926+05:30  INFO 79601 --- [address-book] [main] c.b.address_book.AddressBookApplication  : Starting AddressBookApplication using Java 17.0.6 with PID 79601 (/Users/sanyakhanna/Desktop/bridgelabz-workspace/address-book/target/classes started by sanyakhanna in /Users/sanyakhanna/Desktop/bridgelabz-workspace/address-book)
2025-04-21T01:33:39.930+05:30 DEBUG 79601 --- [address-book] [main] c.b.address_book.AddressBookApplication  : Running with Spring Boot v3.3.10, Spring v6.1.18
2025-04-21T01:33:39.931+05:30  INFO 79601 --- [address-book] [main] c.b.address_book.AddressBookApplication  : The following 1 profile is active: "dev"
2025-04-21T01:33:44.630+05:30 ERROR 79601 --- [address-book] [main] o.h.engine.jdbc.spi.SqlExceptionHelper   : Unknown database 'book_service'
2025-04-21T01:33:46.510+05:30 ERROR 79601 --- [address-book] [main] o.h.engine.jdbc.spi.SqlExceptionHelper   : Unknown database 'book_service'
2025-04-21T01:33:46.532+05:30 ERROR 79601 --- [address-book] [main] j.LocalContainerEntityManagerFactoryBean : Failed to initialize JPA EntityManagerFactory: [PersistenceUnit: default] Unable to build Hibernate SessionFactory; nested exception is org.hibernate.exception.SQLGrammarException: Unable to open JDBC Connection for DDL execution [Unknown database 'book_service'] [n/a]
2025-04-21T01:33:46.535+05:30  WARN 79601 --- [address-book] [main] ConfigServletWebServerApplicationContext : Exception encountered during context initialization - cancelling refresh attempt: org.springframework.beans.factory.BeanCreationException: Error creating bean with name 'entityManagerFactory' defined in class path resource [org/springframework/boot/autoconfigure/orm/jpa/HibernateJpaConfiguration.class]: [PersistenceUnit: default] Unable to build Hibernate SessionFactory; nested exception is org.hibernate.exception.SQLGrammarException: Unable to open JDBC Connection for DDL execution [Unknown database 'book_service'] [n/a]
2025-04-21T01:33:46.606+05:30 ERROR 79601 --- [address-book] [main] o.s.boot.SpringApplication               : Application run failed

org.springframework.beans.factory.BeanCreationException: Error creating bean with name 'entityManagerFactory' defined in class path resource [org/springframework/boot/autoconfigure/orm/jpa/HibernateJpaConfiguration.class]: [PersistenceUnit: default] Unable to build Hibernate SessionFactory; nested exception is org.hibernate.exception.SQLGrammarException: Unable to open JDBC Connection for DDL execution [Unknown database 'book_service'] [n/a]
	at org.springframework.beans.factory.support.AbstractAutowireCapableBeanFactory.initializeBean(AbstractAutowireCapableBeanFactory.java:1806) ~[spring-beans-6.1.18.jar:6.1.18]
	at org.springframework.beans.factory.support.AbstractAutowireCapableBeanFactory.doCreateBean(AbstractAutowireCapableBeanFactory.java:600) ~[spring-beans-6.1.18.jar:6.1.18]
	at org.springframework.beans.factory.support.AbstractAutowireCapableBeanFactory.createBean(AbstractAutowireCapableBeanFactory.java:522) ~[spring-beans-6.1.18.jar:6.1.18]
	at org.springframework.beans.factory.support.AbstractBeanFactory.lambda$doGetBean$0(AbstractBeanFactory.java:337) ~[spring-beans-6.1.18.jar:6.1.18]
	at org.springframework.beans.factory.support.DefaultSingletonBeanRegistry.getSingleton(DefaultSingletonBeanRegistry.java:234) ~[spring-beans-6.1.18.jar:6.1.18]
	at org.springframework.beans.factory.support.AbstractBeanFactory.doGetBean(AbstractBeanFactory.java:335) ~[spring-beans-6.1.18.jar:6.1.18]
	at org.springframework.beans.factory.support.AbstractBeanFactory.getBean(AbstractBeanFactory.java:205) ~[spring-beans-6.1.18.jar:6.1.18]
	at org.springframework.context.support.AbstractApplicationContext.finishBeanFactoryInitialization(AbstractApplicationContext.java:954) ~[spring-context-6.1.18.jar:6.1.18]
	at org.springframework.context.support.AbstractApplicationContext.refresh(AbstractApplicationContext.java:625) ~[spring-context-6.1.18.jar:6.1.18]
	at org.springframework.boot.web.servlet.context.ServletWebServerApplicationContext.refresh(ServletWebServerApplicationContext.java:146) ~[spring-boot-3.3.10.jar:3.3.10]
	at org.springframework.boot.SpringApplication.refresh(SpringApplication.java:754) ~[spring-boot-3.3.10.jar:3.3.10]
	at org.springframework.boot.SpringApplication.refreshContext(SpringApplication.java:456) ~[spring-boot-3.3.10.jar:3.3.10]
	at org.springframework.boot.SpringApplication.run(SpringApplication.java:335) ~[spring-boot-3.3.10.jar:3.3.10]
	at org.springframework.boot.SpringApplication.run(SpringApplication.java:1363) ~[spring-boot-3.3.10.jar:3.3.10]
	at org.springframework.boot.SpringApplication.run(SpringApplication.java:1352) ~[spring-boot-3.3.10.jar:3.3.10]
	at com.bridgelabz.address_book.AddressBookApplication.main(AddressBookApplication.java:10) ~[classes/:na]
Caused by: jakarta.persistence.PersistenceException: [PersistenceUnit: default] Unable to build Hibernate SessionFactory; nested exception is org.hibernate.exception.SQLGrammarException: Unable to open JDBC Connection for DDL execution [Unknown database 'book_service'] [n/a]
	at org.springframework.orm.jpa.AbstractEntityManagerFactoryBean.buildNativeEntityManagerFactory(AbstractEntityManagerFactoryBean.java:421) ~[spring-orm-6.1.18.jar:6.1.18]
	at org.springframework.orm.jpa.AbstractEntityManagerFactoryBean.afterPropertiesSet(AbstractEntityManagerFactoryBean.java:396) ~[spring-orm-6.1.18.jar:6.1.18]
	at org.springframework.orm.jpa.LocalContainerEntityManagerFactoryBean.afterPropertiesSet(LocalContainerEntityManagerFactoryBean.java:366) ~[spring-orm-6.1.18.jar:6.1.18]
	at org.springframework.beans.factory.support.AbstractAutowireCapableBeanFactory.invokeInitMethods(AbstractAutowireCapableBeanFactory.java:1853) ~[spring-beans-6.1.18.jar:6.1.18]
	at org.springframework.beans.factory.support.AbstractAutowireCapableBeanFactory.initializeBean(AbstractAutowireCapableBeanFactory.java:1802) ~[spring-beans-6.1.18.jar:6.1.18]
	... 15 common frames omitted
Caused by: org.hibernate.exception.SQLGrammarException: Unable to open JDBC Connection for DDL execution [Unknown database 'book_service'] [n/a]
	at org.hibernate.exception.internal.SQLExceptionTypeDelegate.convert(SQLExceptionTypeDelegate.java:66) ~[hibernate-core-6.5.3.Final.jar:6.5.3.Final]
	at org.hibernate.exception.internal.StandardSQLExceptionConverter.convert(StandardSQLExceptionConverter.java:58) ~[hibernate-core-6.5.3.Final.jar:6.5.3.Final]
	at org.hibernate.engine.jdbc.spi.SqlExceptionHelper.convert(SqlExceptionHelper.java:108) ~[hibernate-core-6.5.3.Final.jar:6.5.3.Final]
	at org.hibernate.engine.jdbc.spi.SqlExceptionHelper.convert(SqlExceptionHelper.java:94) ~[hibernate-core-6.5.3.Final.jar:6.5.3.Final]
	at org.hibernate.resource.transaction.backend.jdbc.internal.DdlTransactionIsolatorNonJtaImpl.getIsolatedConnection(DdlTransactionIsolatorNonJtaImpl.java:74) ~[hibernate-core-6.5.3.Final.jar:6.5.3.Final]
	at org.hibernate.resource.transaction.backend.jdbc.internal.DdlTransactionIsolatorNonJtaImpl.getIsolatedConnection(DdlTransactionIsolatorNonJtaImpl.java:39) ~[hibernate-core-6.5.3.Final.jar:6.5.3.Final]
	at org.hibernate.tool.schema.internal.exec.ImprovedExtractionContextImpl.getJdbcConnection(ImprovedExtractionContextImpl.java:63) ~[hibernate-core-6.5.3.Final.jar:6.5.3.Final]
	at org.hibernate.tool.schema.internal.exec.ImprovedExtractionContextImpl.getJdbcDatabaseMetaData(ImprovedExtractionContextImpl.java:70) ~[hibernate-core-6.5.3.Final.jar:6.5.3.Final]
	at org.hibernate.tool.schema.extract.internal.InformationExtractorJdbcDatabaseMetaDataImpl.processTableResultSet(InformationExtractorJdbcDatabaseMetaDataImpl.java:65) ~[hibernate-core-6.5.3.Final.jar:6.5.3.Final]
	at org.hibernate.tool.schema.extract.internal.AbstractInformationExtractorImpl.getTables(AbstractInformationExtractorImpl.java:570) ~[hibernate-core-6.5.3.Final.jar:6.5.3.Final]
	at org.hibernate.tool.schema.extract.internal.DatabaseInformationImpl.getTablesInformation(DatabaseInformationImpl.java:122) ~[hibernate-core-6.5.3.Final.jar:6.5.3.Final]
	at org.hibernate.tool.schema.internal.GroupedSchemaMigratorImpl.performTablesMigration(GroupedSchemaMigratorImpl.java:72) ~[hibernate-core-6.5.3.Final.jar:6.5.3.Final]
	at org.hibernate.tool.schema.internal.AbstractSchemaMigrator.performMigration(AbstractSchemaMigrator.java:240) ~[hibernate-core-6.5.3.Final.jar:6.5.3.Final]
	at org.hibernate.tool.schema.internal.AbstractSchemaMigrator.doMigration(AbstractSchemaMigrator.java:119) ~[hibernate-core-6.5.3.Final.jar:6.5.3.Final]
	at org.hibernate.tool.schema.spi.SchemaManagementToolCoordinator.performDatabaseAction(SchemaManagementToolCoordinator.java:280) ~[hibernate-core-6.5.3.Final.jar:6.5.3.Final]
	at org.hibernate.tool.schema.spi.SchemaManagementToolCoordinator.lambda$process$5(SchemaManagementToolCoordinator.java:144) ~[hibernate-core-6.5.3.Final.jar:6.5.3.Final]
	at java.base/java.util.HashMap.forEach(HashMap.java:1421) ~[na:na]
	at org.hibernate.tool.schema.spi.SchemaManagementToolCoordinator.process(SchemaManagementToolCoordinator.java:141) ~[hibernate-core-6.5.3.Final.jar:6.5.3.Final]
	at org.hibernate.boot.internal.SessionFactoryObserverForSchemaExport.sessionFactoryCreated(SessionFactoryObserverForSchemaExport.java:37) ~[hibernate-core-6.5.3.Final.jar:6.5.3.Final]
	at org.hibernate.internal.SessionFactoryObserverChain.sessionFactoryCreated(SessionFactoryObserverChain.java:35) ~[hibernate-core-6.5.3.Final.jar:6.5.3.Final]
	at org.hibernate.internal.SessionFactoryImpl.<init>(SessionFactoryImpl.java:322) ~[hibernate-core-6.5.3.Final.jar:6.5.3.Final]
	at org.hibernate.boot.internal.SessionFactoryBuilderImpl.build(SessionFactoryBuilderImpl.java:457) ~[hibernate-core-6.5.3.Final.jar:6.5.3.Final]
	at org.hibernate.jpa.boot.internal.EntityManagerFactoryBuilderImpl.build(EntityManagerFactoryBuilderImpl.java:1506) ~[hibernate-core-6.5.3.Final.jar:6.5.3.Final]
	at org.springframework.orm.jpa.vendor.SpringHibernateJpaPersistenceProvider.createContainerEntityManagerFactory(SpringHibernateJpaPersistenceProvider.java:75) ~[spring-orm-6.1.18.jar:6.1.18]
	at org.springframework.orm.jpa.LocalContainerEntityManagerFactoryBean.createNativeEntityManagerFactory(LocalContainerEntityManagerFactoryBean.java:390) ~[spring-orm-6.1.18.jar:6.1.18]
	at org.springframework.orm.jpa.AbstractEntityManagerFactoryBean.buildNativeEntityManagerFactory(AbstractEntityManagerFactoryBean.java:409) ~[spring-orm-6.1.18.jar:6.1.18]
	... 19 common frames omitted
Caused by: java.sql.SQLSyntaxErrorException: Unknown database 'book_service'
	at com.mysql.cj.jdbc.exceptions.SQLError.createSQLException(SQLError.java:120) ~[mysql-connector-java-8.0.28.jar:8.0.28]
	at com.mysql.cj.jdbc.exceptions.SQLExceptionsMapping.translateException(SQLExceptionsMapping.java:122) ~[mysql-connector-java-8.0.28.jar:8.0.28]
	at com.mysql.cj.jdbc.ConnectionImpl.createNewIO(ConnectionImpl.java:829) ~[mysql-connector-java-8.0.28.jar:8.0.28]
	at com.mysql.cj.jdbc.ConnectionImpl.<init>(ConnectionImpl.java:449) ~[mysql-connector-java-8.0.28.jar:8.0.28]
	at com.mysql.cj.jdbc.ConnectionImpl.getInstance(ConnectionImpl.java:242) ~[mysql-connector-java-8.0.28.jar:8.0.28]
	at com.mysql.cj.jdbc.NonRegisteringDriver.connect(NonRegisteringDriver.java:198) ~[mysql-connector-java-8.0.28.jar:8.0.28]
	at com.zaxxer.hikari.util.DriverDataSource.getConnection(DriverDataSource.java:137) ~[HikariCP-5.1.0.jar:na]
	at com.zaxxer.hikari.pool.PoolBase.newConnection(PoolBase.java:360) ~[HikariCP-5.1.0.jar:na]
	at com.zaxxer.hikari.pool.PoolBase.newPoolEntry(PoolBase.java:202) ~[HikariCP-5.1.0.jar:na]
	at com.zaxxer.hikari.pool.HikariPool.createPoolEntry(HikariPool.java:461) ~[HikariCP-5.1.0.jar:na]
	at com.zaxxer.hikari.pool.HikariPool.checkFailFast(HikariPool.java:550) ~[HikariCP-5.1.0.jar:na]
	at com.zaxxer.hikari.pool.HikariPool.<init>(HikariPool.java:98) ~[HikariCP-5.1.0.jar:na]
	at com.zaxxer.hikari.HikariDataSource.getConnection(HikariDataSource.java:111) ~[HikariCP-5.1.0.jar:na]
	at org.hibernate.engine.jdbc.connections.internal.DatasourceConnectionProviderImpl.getConnection(DatasourceConnectionProviderImpl.java:122) ~[hibernate-core-6.5.3.Final.jar:6.5.3.Final]
	at org.hibernate.engine.jdbc.env.internal.JdbcEnvironmentInitiator$ConnectionProviderJdbcConnectionAccess.obtainConnection(JdbcEnvironmentInitiator.java:439) ~[hibernate-core-6.5.3.Final.jar:6.5.3.Final]
	at org.hibernate.resource.transaction.backend.jdbc.internal.DdlTransactionIsolatorNonJtaImpl.getIsolatedConnection(DdlTransactionIsolatorNonJtaImpl.java:46) ~[hibernate-core-6.5.3.Final.jar:6.5.3.Final]
	... 40 common frames omitted

2025-04-21T01:35:46.884+05:30  INFO 79682 --- [address-book] [main] c.b.address_book.AddressBookApplication  : Starting AddressBookApplication using Java 17.0.6 with PID 79682 (/Users/sanyakhanna/Desktop/bridgelabz-workspace/address-book/target/classes started by sanyakhanna in /Users/sanyakhanna/Desktop/bridgelabz-workspace/address-book)
2025-04-21T01:35:46.887+05:30 DEBUG 79682 --- [address-book] [main] c.b.address_book.AddressBookApplication  : Running with Spring Boot v3.3.10, Spring v6.1.18
2025-04-21T01:35:46.889+05:30  INFO 79682 --- [address-book] [main] c.b.address_book.AddressBookApplication  : The following 1 profile is active: "dev"
2025-04-21T01:35:51.368+05:30 ERROR 79682 --- [address-book] [main] o.h.engine.jdbc.spi.SqlExceptionHelper   : Unknown database 'book_service'
2025-04-21T01:35:53.190+05:30 ERROR 79682 --- [address-book] [main] o.h.engine.jdbc.spi.SqlExceptionHelper   : Unknown database 'book_service'
2025-04-21T01:35:53.203+05:30 ERROR 79682 --- [address-book] [main] j.LocalContainerEntityManagerFactoryBean : Failed to initialize JPA EntityManagerFactory: [PersistenceUnit: default] Unable to build Hibernate SessionFactory; nested exception is org.hibernate.exception.SQLGrammarException: Unable to open JDBC Connection for DDL execution [Unknown database 'book_service'] [n/a]
2025-04-21T01:35:53.206+05:30  WARN 79682 --- [address-book] [main] ConfigServletWebServerApplicationContext : Exception encountered during context initialization - cancelling refresh attempt: org.springframework.beans.factory.BeanCreationException: Error creating bean with name 'entityManagerFactory' defined in class path resource [org/springframework/boot/autoconfigure/orm/jpa/HibernateJpaConfiguration.class]: [PersistenceUnit: default] Unable to build Hibernate SessionFactory; nested exception is org.hibernate.exception.SQLGrammarException: Unable to open JDBC Connection for DDL execution [Unknown database 'book_service'] [n/a]
2025-04-21T01:35:53.284+05:30 ERROR 79682 --- [address-book] [main] o.s.boot.SpringApplication               : Application run failed

org.springframework.beans.factory.BeanCreationException: Error creating bean with name 'entityManagerFactory' defined in class path resource [org/springframework/boot/autoconfigure/orm/jpa/HibernateJpaConfiguration.class]: [PersistenceUnit: default] Unable to build Hibernate SessionFactory; nested exception is org.hibernate.exception.SQLGrammarException: Unable to open JDBC Connection for DDL execution [Unknown database 'book_service'] [n/a]
	at org.springframework.beans.factory.support.AbstractAutowireCapableBeanFactory.initializeBean(AbstractAutowireCapableBeanFactory.java:1806) ~[spring-beans-6.1.18.jar:6.1.18]
	at org.springframework.beans.factory.support.AbstractAutowireCapableBeanFactory.doCreateBean(AbstractAutowireCapableBeanFactory.java:600) ~[spring-beans-6.1.18.jar:6.1.18]
	at org.springframework.beans.factory.support.AbstractAutowireCapableBeanFactory.createBean(AbstractAutowireCapableBeanFactory.java:522) ~[spring-beans-6.1.18.jar:6.1.18]
	at org.springframework.beans.factory.support.AbstractBeanFactory.lambda$doGetBean$0(AbstractBeanFactory.java:337) ~[spring-beans-6.1.18.jar:6.1.18]
	at org.springframework.beans.factory.support.DefaultSingletonBeanRegistry.getSingleton(DefaultSingletonBeanRegistry.java:234) ~[spring-beans-6.1.18.jar:6.1.18]
	at org.springframework.beans.factory.support.AbstractBeanFactory.doGetBean(AbstractBeanFactory.java:335) ~[spring-beans-6.1.18.jar:6.1.18]
	at org.springframework.beans.factory.support.AbstractBeanFactory.getBean(AbstractBeanFactory.java:205) ~[spring-beans-6.1.18.jar:6.1.18]
	at org.springframework.context.support.AbstractApplicationContext.finishBeanFactoryInitialization(AbstractApplicationContext.java:954) ~[spring-context-6.1.18.jar:6.1.18]
	at org.springframework.context.support.AbstractApplicationContext.refresh(AbstractApplicationContext.java:625) ~[spring-context-6.1.18.jar:6.1.18]
	at org.springframework.boot.web.servlet.context.ServletWebServerApplicationContext.refresh(ServletWebServerApplicationContext.java:146) ~[spring-boot-3.3.10.jar:3.3.10]
	at org.springframework.boot.SpringApplication.refresh(SpringApplication.java:754) ~[spring-boot-3.3.10.jar:3.3.10]
	at org.springframework.boot.SpringApplication.refreshContext(SpringApplication.java:456) ~[spring-boot-3.3.10.jar:3.3.10]
	at org.springframework.boot.SpringApplication.run(SpringApplication.java:335) ~[spring-boot-3.3.10.jar:3.3.10]
	at org.springframework.boot.SpringApplication.run(SpringApplication.java:1363) ~[spring-boot-3.3.10.jar:3.3.10]
	at org.springframework.boot.SpringApplication.run(SpringApplication.java:1352) ~[spring-boot-3.3.10.jar:3.3.10]
	at com.bridgelabz.address_book.AddressBookApplication.main(AddressBookApplication.java:10) ~[classes/:na]
Caused by: jakarta.persistence.PersistenceException: [PersistenceUnit: default] Unable to build Hibernate SessionFactory; nested exception is org.hibernate.exception.SQLGrammarException: Unable to open JDBC Connection for DDL execution [Unknown database 'book_service'] [n/a]
	at org.springframework.orm.jpa.AbstractEntityManagerFactoryBean.buildNativeEntityManagerFactory(AbstractEntityManagerFactoryBean.java:421) ~[spring-orm-6.1.18.jar:6.1.18]
	at org.springframework.orm.jpa.AbstractEntityManagerFactoryBean.afterPropertiesSet(AbstractEntityManagerFactoryBean.java:396) ~[spring-orm-6.1.18.jar:6.1.18]
	at org.springframework.orm.jpa.LocalContainerEntityManagerFactoryBean.afterPropertiesSet(LocalContainerEntityManagerFactoryBean.java:366) ~[spring-orm-6.1.18.jar:6.1.18]
	at org.springframework.beans.factory.support.AbstractAutowireCapableBeanFactory.invokeInitMethods(AbstractAutowireCapableBeanFactory.java:1853) ~[spring-beans-6.1.18.jar:6.1.18]
	at org.springframework.beans.factory.support.AbstractAutowireCapableBeanFactory.initializeBean(AbstractAutowireCapableBeanFactory.java:1802) ~[spring-beans-6.1.18.jar:6.1.18]
	... 15 common frames omitted
Caused by: org.hibernate.exception.SQLGrammarException: Unable to open JDBC Connection for DDL execution [Unknown database 'book_service'] [n/a]
	at org.hibernate.exception.internal.SQLExceptionTypeDelegate.convert(SQLExceptionTypeDelegate.java:66) ~[hibernate-core-6.5.3.Final.jar:6.5.3.Final]
	at org.hibernate.exception.internal.StandardSQLExceptionConverter.convert(StandardSQLExceptionConverter.java:58) ~[hibernate-core-6.5.3.Final.jar:6.5.3.Final]
	at org.hibernate.engine.jdbc.spi.SqlExceptionHelper.convert(SqlExceptionHelper.java:108) ~[hibernate-core-6.5.3.Final.jar:6.5.3.Final]
	at org.hibernate.engine.jdbc.spi.SqlExceptionHelper.convert(SqlExceptionHelper.java:94) ~[hibernate-core-6.5.3.Final.jar:6.5.3.Final]
	at org.hibernate.resource.transaction.backend.jdbc.internal.DdlTransactionIsolatorNonJtaImpl.getIsolatedConnection(DdlTransactionIsolatorNonJtaImpl.java:74) ~[hibernate-core-6.5.3.Final.jar:6.5.3.Final]
	at org.hibernate.resource.transaction.backend.jdbc.internal.DdlTransactionIsolatorNonJtaImpl.getIsolatedConnection(DdlTransactionIsolatorNonJtaImpl.java:39) ~[hibernate-core-6.5.3.Final.jar:6.5.3.Final]
	at org.hibernate.tool.schema.internal.exec.ImprovedExtractionContextImpl.getJdbcConnection(ImprovedExtractionContextImpl.java:63) ~[hibernate-core-6.5.3.Final.jar:6.5.3.Final]
	at org.hibernate.tool.schema.internal.exec.ImprovedExtractionContextImpl.getJdbcDatabaseMetaData(ImprovedExtractionContextImpl.java:70) ~[hibernate-core-6.5.3.Final.jar:6.5.3.Final]
	at org.hibernate.tool.schema.extract.internal.InformationExtractorJdbcDatabaseMetaDataImpl.processTableResultSet(InformationExtractorJdbcDatabaseMetaDataImpl.java:65) ~[hibernate-core-6.5.3.Final.jar:6.5.3.Final]
	at org.hibernate.tool.schema.extract.internal.AbstractInformationExtractorImpl.getTables(AbstractInformationExtractorImpl.java:570) ~[hibernate-core-6.5.3.Final.jar:6.5.3.Final]
	at org.hibernate.tool.schema.extract.internal.DatabaseInformationImpl.getTablesInformation(DatabaseInformationImpl.java:122) ~[hibernate-core-6.5.3.Final.jar:6.5.3.Final]
	at org.hibernate.tool.schema.internal.GroupedSchemaMigratorImpl.performTablesMigration(GroupedSchemaMigratorImpl.java:72) ~[hibernate-core-6.5.3.Final.jar:6.5.3.Final]
	at org.hibernate.tool.schema.internal.AbstractSchemaMigrator.performMigration(AbstractSchemaMigrator.java:240) ~[hibernate-core-6.5.3.Final.jar:6.5.3.Final]
	at org.hibernate.tool.schema.internal.AbstractSchemaMigrator.doMigration(AbstractSchemaMigrator.java:119) ~[hibernate-core-6.5.3.Final.jar:6.5.3.Final]
	at org.hibernate.tool.schema.spi.SchemaManagementToolCoordinator.performDatabaseAction(SchemaManagementToolCoordinator.java:280) ~[hibernate-core-6.5.3.Final.jar:6.5.3.Final]
	at org.hibernate.tool.schema.spi.SchemaManagementToolCoordinator.lambda$process$5(SchemaManagementToolCoordinator.java:144) ~[hibernate-core-6.5.3.Final.jar:6.5.3.Final]
	at java.base/java.util.HashMap.forEach(HashMap.java:1421) ~[na:na]
	at org.hibernate.tool.schema.spi.SchemaManagementToolCoordinator.process(SchemaManagementToolCoordinator.java:141) ~[hibernate-core-6.5.3.Final.jar:6.5.3.Final]
	at org.hibernate.boot.internal.SessionFactoryObserverForSchemaExport.sessionFactoryCreated(SessionFactoryObserverForSchemaExport.java:37) ~[hibernate-core-6.5.3.Final.jar:6.5.3.Final]
	at org.hibernate.internal.SessionFactoryObserverChain.sessionFactoryCreated(SessionFactoryObserverChain.java:35) ~[hibernate-core-6.5.3.Final.jar:6.5.3.Final]
	at org.hibernate.internal.SessionFactoryImpl.<init>(SessionFactoryImpl.java:322) ~[hibernate-core-6.5.3.Final.jar:6.5.3.Final]
	at org.hibernate.boot.internal.SessionFactoryBuilderImpl.build(SessionFactoryBuilderImpl.java:457) ~[hibernate-core-6.5.3.Final.jar:6.5.3.Final]
	at org.hibernate.jpa.boot.internal.EntityManagerFactoryBuilderImpl.build(EntityManagerFactoryBuilderImpl.java:1506) ~[hibernate-core-6.5.3.Final.jar:6.5.3.Final]
	at org.springframework.orm.jpa.vendor.SpringHibernateJpaPersistenceProvider.createContainerEntityManagerFactory(SpringHibernateJpaPersistenceProvider.java:75) ~[spring-orm-6.1.18.jar:6.1.18]
	at org.springframework.orm.jpa.LocalContainerEntityManagerFactoryBean.createNativeEntityManagerFactory(LocalContainerEntityManagerFactoryBean.java:390) ~[spring-orm-6.1.18.jar:6.1.18]
	at org.springframework.orm.jpa.AbstractEntityManagerFactoryBean.buildNativeEntityManagerFactory(AbstractEntityManagerFactoryBean.java:409) ~[spring-orm-6.1.18.jar:6.1.18]
	... 19 common frames omitted
Caused by: java.sql.SQLSyntaxErrorException: Unknown database 'book_service'
	at com.mysql.cj.jdbc.exceptions.SQLError.createSQLException(SQLError.java:120) ~[mysql-connector-java-8.0.28.jar:8.0.28]
	at com.mysql.cj.jdbc.exceptions.SQLExceptionsMapping.translateException(SQLExceptionsMapping.java:122) ~[mysql-connector-java-8.0.28.jar:8.0.28]
	at com.mysql.cj.jdbc.ConnectionImpl.createNewIO(ConnectionImpl.java:829) ~[mysql-connector-java-8.0.28.jar:8.0.28]
	at com.mysql.cj.jdbc.ConnectionImpl.<init>(ConnectionImpl.java:449) ~[mysql-connector-java-8.0.28.jar:8.0.28]
	at com.mysql.cj.jdbc.ConnectionImpl.getInstance(ConnectionImpl.java:242) ~[mysql-connector-java-8.0.28.jar:8.0.28]
	at com.mysql.cj.jdbc.NonRegisteringDriver.connect(NonRegisteringDriver.java:198) ~[mysql-connector-java-8.0.28.jar:8.0.28]
	at com.zaxxer.hikari.util.DriverDataSource.getConnection(DriverDataSource.java:137) ~[HikariCP-5.1.0.jar:na]
	at com.zaxxer.hikari.pool.PoolBase.newConnection(PoolBase.java:360) ~[HikariCP-5.1.0.jar:na]
	at com.zaxxer.hikari.pool.PoolBase.newPoolEntry(PoolBase.java:202) ~[HikariCP-5.1.0.jar:na]
	at com.zaxxer.hikari.pool.HikariPool.createPoolEntry(HikariPool.java:461) ~[HikariCP-5.1.0.jar:na]
	at com.zaxxer.hikari.pool.HikariPool.checkFailFast(HikariPool.java:550) ~[HikariCP-5.1.0.jar:na]
	at com.zaxxer.hikari.pool.HikariPool.<init>(HikariPool.java:98) ~[HikariCP-5.1.0.jar:na]
	at com.zaxxer.hikari.HikariDataSource.getConnection(HikariDataSource.java:111) ~[HikariCP-5.1.0.jar:na]
	at org.hibernate.engine.jdbc.connections.internal.DatasourceConnectionProviderImpl.getConnection(DatasourceConnectionProviderImpl.java:122) ~[hibernate-core-6.5.3.Final.jar:6.5.3.Final]
	at org.hibernate.engine.jdbc.env.internal.JdbcEnvironmentInitiator$ConnectionProviderJdbcConnectionAccess.obtainConnection(JdbcEnvironmentInitiator.java:439) ~[hibernate-core-6.5.3.Final.jar:6.5.3.Final]
	at org.hibernate.resource.transaction.backend.jdbc.internal.DdlTransactionIsolatorNonJtaImpl.getIsolatedConnection(DdlTransactionIsolatorNonJtaImpl.java:46) ~[hibernate-core-6.5.3.Final.jar:6.5.3.Final]
	... 40 common frames omitted

2025-04-21T01:47:02.333+05:30  INFO 79795 --- [address-book] [main] c.b.address_book.AddressBookApplication  : Starting AddressBookApplication using Java 17.0.6 with PID 79795 (/Users/sanyakhanna/Desktop/bridgelabz-workspace/address-book/target/classes started by sanyakhanna in /Users/sanyakhanna/Desktop/bridgelabz-workspace/address-book)
2025-04-21T01:47:02.336+05:30 DEBUG 79795 --- [address-book] [main] c.b.address_book.AddressBookApplication  : Running with Spring Boot v3.3.10, Spring v6.1.18
2025-04-21T01:47:02.338+05:30  INFO 79795 --- [address-book] [main] c.b.address_book.AddressBookApplication  : The following 1 profile is active: "dev"
2025-04-21T01:47:07.032+05:30  WARN 79795 --- [address-book] [main] JpaBaseConfiguration$JpaWebConfiguration : spring.jpa.open-in-view is enabled by default. Therefore, database queries may be performed during view rendering. Explicitly configure spring.jpa.open-in-view to disable this warning
2025-04-21T01:47:08.155+05:30  INFO 79795 --- [address-book] [main] c.b.address_book.AddressBookApplication  : Started AddressBookApplication in 6.662 seconds (process running for 7.359)
2025-04-21T01:47:50.260+05:30  WARN 79795 --- [address-book] [http-nio-8081-exec-6] .w.s.m.s.DefaultHandlerExceptionResolver : Resolved [org.springframework.web.bind.MissingPathVariableException: Required URI template variable 'userId' for method parameter type long is not present]
2025-04-21T01:48:00.621+05:30  WARN 79795 --- [address-book] [http-nio-8081-exec-7] .w.s.m.s.DefaultHandlerExceptionResolver : Resolved [org.springframework.web.bind.MissingPathVariableException: Required URI template variable 'userId' for method parameter type long is not present]
2025-04-21T01:48:02.954+05:30  WARN 79795 --- [address-book] [http-nio-8081-exec-9] .w.s.m.s.DefaultHandlerExceptionResolver : Resolved [org.springframework.web.HttpRequestMethodNotSupportedException: Request method 'GET' is not supported]
2025-04-21T01:48:45.031+05:30  WARN 79795 --- [address-book] [http-nio-8081-exec-3] .w.s.m.s.DefaultHandlerExceptionResolver : Resolved [org.springframework.web.bind.MissingPathVariableException: Required URI template variable 'userId' for method parameter type long is not present]
2025-04-21T01:49:54.319+05:30  WARN 79795 --- [address-book] [http-nio-8081-exec-7] .w.s.m.s.DefaultHandlerExceptionResolver : Resolved [org.springframework.web.bind.MissingPathVariableException: Required URI template variable 'userId' for method parameter type long is not present]
2025-04-21T01:53:39.397+05:30  INFO 79908 --- [address-book] [main] c.b.address_book.AddressBookApplication  : Starting AddressBookApplication using Java 17.0.6 with PID 79908 (/Users/sanyakhanna/Desktop/bridgelabz-workspace/address-book/target/classes started by sanyakhanna in /Users/sanyakhanna/Desktop/bridgelabz-workspace/address-book)
2025-04-21T01:53:39.401+05:30 DEBUG 79908 --- [address-book] [main] c.b.address_book.AddressBookApplication  : Running with Spring Boot v3.3.10, Spring v6.1.18
2025-04-21T01:53:39.403+05:30  INFO 79908 --- [address-book] [main] c.b.address_book.AddressBookApplication  : The following 1 profile is active: "dev"
2025-04-21T01:53:44.000+05:30  WARN 79908 --- [address-book] [main] JpaBaseConfiguration$JpaWebConfiguration : spring.jpa.open-in-view is enabled by default. Therefore, database queries may be performed during view rendering. Explicitly configure spring.jpa.open-in-view to disable this warning
2025-04-21T01:53:45.203+05:30  INFO 79908 --- [address-book] [main] c.b.address_book.AddressBookApplication  : Started AddressBookApplication in 6.658 seconds (process running for 7.31)
2025-04-21T01:54:04.361+05:30  WARN 79908 --- [address-book] [http-nio-8081-exec-4] .w.s.m.s.DefaultHandlerExceptionResolver : Resolved [org.springframework.web.bind.MissingPathVariableException: Required URI template variable 'userId' for method parameter type long is not present]
2025-04-21T01:55:30.999+05:30  INFO 79948 --- [address-book] [main] c.b.address_book.AddressBookApplication  : Starting AddressBookApplication using Java 17.0.6 with PID 79948 (/Users/sanyakhanna/Desktop/bridgelabz-workspace/address-book/target/classes started by sanyakhanna in /Users/sanyakhanna/Desktop/bridgelabz-workspace/address-book)
2025-04-21T01:55:31.005+05:30 DEBUG 79948 --- [address-book] [main] c.b.address_book.AddressBookApplication  : Running with Spring Boot v3.3.10, Spring v6.1.18
2025-04-21T01:55:31.009+05:30  INFO 79948 --- [address-book] [main] c.b.address_book.AddressBookApplication  : The following 1 profile is active: "dev"
2025-04-21T01:55:36.858+05:30  WARN 79948 --- [address-book] [main] JpaBaseConfiguration$JpaWebConfiguration : spring.jpa.open-in-view is enabled by default. Therefore, database queries may be performed during view rendering. Explicitly configure spring.jpa.open-in-view to disable this warning
2025-04-21T01:55:38.527+05:30  INFO 79948 --- [address-book] [main] c.b.address_book.AddressBookApplication  : Started AddressBookApplication in 8.858 seconds (process running for 9.71)
2025-04-21T10:27:04.340+05:30  INFO 81291 --- [address-book] [main] c.b.address_book.AddressBookApplication  : Starting AddressBookApplication using Java 17.0.6 with PID 81291 (/Users/sanyakhanna/Desktop/bridgelabz-workspace/address-book/target/classes started by sanyakhanna in /Users/sanyakhanna/Desktop/bridgelabz-workspace/address-book)
2025-04-21T10:27:04.347+05:30 DEBUG 81291 --- [address-book] [main] c.b.address_book.AddressBookApplication  : Running with Spring Boot v3.3.10, Spring v6.1.18
2025-04-21T10:27:04.349+05:30  INFO 81291 --- [address-book] [main] c.b.address_book.AddressBookApplication  : The following 1 profile is active: "dev"
2025-04-21T10:27:09.090+05:30  WARN 81291 --- [address-book] [main] JpaBaseConfiguration$JpaWebConfiguration : spring.jpa.open-in-view is enabled by default. Therefore, database queries may be performed during view rendering. Explicitly configure spring.jpa.open-in-view to disable this warning
2025-04-21T10:27:10.167+05:30  INFO 81291 --- [address-book] [main] c.b.address_book.AddressBookApplication  : Started AddressBookApplication in 6.676 seconds (process running for 7.349)
2025-04-21T10:28:43.008+05:30  WARN 81291 --- [address-book] [http-nio-8081-exec-8] .w.s.m.s.DefaultHandlerExceptionResolver : Resolved [org.springframework.web.HttpRequestMethodNotSupportedException: Request method 'GET' is not supported]
2025-04-21T10:31:21.653+05:30  INFO 81343 --- [address-book] [main] c.b.address_book.AddressBookApplication  : Starting AddressBookApplication using Java 17.0.6 with PID 81343 (/Users/sanyakhanna/Desktop/bridgelabz-workspace/address-book/target/classes started by sanyakhanna in /Users/sanyakhanna/Desktop/bridgelabz-workspace/address-book)
2025-04-21T10:31:21.656+05:30 DEBUG 81343 --- [address-book] [main] c.b.address_book.AddressBookApplication  : Running with Spring Boot v3.3.10, Spring v6.1.18
2025-04-21T10:31:21.658+05:30  INFO 81343 --- [address-book] [main] c.b.address_book.AddressBookApplication  : The following 1 profile is active: "dev"
2025-04-21T10:31:26.111+05:30  WARN 81343 --- [address-book] [main] JpaBaseConfiguration$JpaWebConfiguration : spring.jpa.open-in-view is enabled by default. Therefore, database queries may be performed during view rendering. Explicitly configure spring.jpa.open-in-view to disable this warning
2025-04-21T10:31:26.983+05:30  INFO 81343 --- [address-book] [main] c.b.address_book.AddressBookApplication  : Started AddressBookApplication in 6.185 seconds (process running for 6.815)
2025-04-21T10:38:53.814+05:30  INFO 81460 --- [address-book] [main] c.b.address_book.AddressBookApplication  : Starting AddressBookApplication using Java 17.0.6 with PID 81460 (/Users/sanyakhanna/Desktop/bridgelabz-workspace/address-book/target/classes started by sanyakhanna in /Users/sanyakhanna/Desktop/bridgelabz-workspace/address-book)
2025-04-21T10:38:53.819+05:30 DEBUG 81460 --- [address-book] [main] c.b.address_book.AddressBookApplication  : Running with Spring Boot v3.3.10, Spring v6.1.18
2025-04-21T10:38:53.821+05:30  INFO 81460 --- [address-book] [main] c.b.address_book.AddressBookApplication  : The following 1 profile is active: "dev"
2025-04-21T10:38:59.117+05:30  WARN 81460 --- [address-book] [main] JpaBaseConfiguration$JpaWebConfiguration : spring.jpa.open-in-view is enabled by default. Therefore, database queries may be performed during view rendering. Explicitly configure spring.jpa.open-in-view to disable this warning
2025-04-21T10:39:00.379+05:30  INFO 81460 --- [address-book] [main] c.b.address_book.AddressBookApplication  : Started AddressBookApplication in 7.393 seconds (process running for 8.051)
2025-04-21T10:53:13.473+05:30  INFO 81626 --- [address-book] [main] c.b.address_book.AddressBookApplication  : Starting AddressBookApplication using Java 17.0.6 with PID 81626 (/Users/sanyakhanna/Desktop/bridgelabz-workspace/address-book/target/classes started by sanyakhanna in /Users/sanyakhanna/Desktop/bridgelabz-workspace/address-book)
2025-04-21T10:53:13.477+05:30 DEBUG 81626 --- [address-book] [main] c.b.address_book.AddressBookApplication  : Running with Spring Boot v3.3.10, Spring v6.1.18
2025-04-21T10:53:13.479+05:30  INFO 81626 --- [address-book] [main] c.b.address_book.AddressBookApplication  : The following 1 profile is active: "dev"
2025-04-21T10:53:18.150+05:30  WARN 81626 --- [address-book] [main] JpaBaseConfiguration$JpaWebConfiguration : spring.jpa.open-in-view is enabled by default. Therefore, database queries may be performed during view rendering. Explicitly configure spring.jpa.open-in-view to disable this warning
2025-04-21T10:53:19.403+05:30  INFO 81626 --- [address-book] [main] c.b.address_book.AddressBookApplication  : Started AddressBookApplication in 6.779 seconds (process running for 7.422)
2025-04-21T10:55:53.553+05:30  INFO 81645 --- [address-book] [main] c.b.address_book.AddressBookApplication  : Starting AddressBookApplication using Java 17.0.6 with PID 81645 (/Users/sanyakhanna/Desktop/bridgelabz-workspace/address-book/target/classes started by sanyakhanna in /Users/sanyakhanna/Desktop/bridgelabz-workspace/address-book)
2025-04-21T10:55:53.558+05:30 DEBUG 81645 --- [address-book] [main] c.b.address_book.AddressBookApplication  : Running with Spring Boot v3.3.10, Spring v6.1.18
2025-04-21T10:55:53.559+05:30  INFO 81645 --- [address-book] [main] c.b.address_book.AddressBookApplication  : The following 1 profile is active: "dev"
2025-04-21T10:55:59.522+05:30  WARN 81645 --- [address-book] [main] JpaBaseConfiguration$JpaWebConfiguration : spring.jpa.open-in-view is enabled by default. Therefore, database queries may be performed during view rendering. Explicitly configure spring.jpa.open-in-view to disable this warning
2025-04-21T10:56:01.022+05:30  INFO 81645 --- [address-book] [main] c.b.address_book.AddressBookApplication  : Started AddressBookApplication in 8.32 seconds (process running for 8.939)
2025-04-21T10:58:03.490+05:30  INFO 81665 --- [address-book] [main] c.b.address_book.AddressBookApplication  : Starting AddressBookApplication using Java 17.0.6 with PID 81665 (/Users/sanyakhanna/Desktop/bridgelabz-workspace/address-book/target/classes started by sanyakhanna in /Users/sanyakhanna/Desktop/bridgelabz-workspace/address-book)
2025-04-21T10:58:03.494+05:30 DEBUG 81665 --- [address-book] [main] c.b.address_book.AddressBookApplication  : Running with Spring Boot v3.3.10, Spring v6.1.18
2025-04-21T10:58:03.496+05:30  INFO 81665 --- [address-book] [main] c.b.address_book.AddressBookApplication  : The following 1 profile is active: "dev"
2025-04-21T10:58:08.117+05:30  WARN 81665 --- [address-book] [main] JpaBaseConfiguration$JpaWebConfiguration : spring.jpa.open-in-view is enabled by default. Therefore, database queries may be performed during view rendering. Explicitly configure spring.jpa.open-in-view to disable this warning
2025-04-21T10:58:08.987+05:30  INFO 81665 --- [address-book] [main] c.b.address_book.AddressBookApplication  : Started AddressBookApplication in 6.356 seconds (process running for 7.034)
2025-04-21T11:08:47.635+05:30  INFO 81760 --- [address-book] [main] c.b.address_book.AddressBookApplication  : Starting AddressBookApplication using Java 17.0.6 with PID 81760 (/Users/sanyakhanna/Desktop/bridgelabz-workspace/address-book/target/classes started by sanyakhanna in /Users/sanyakhanna/Desktop/bridgelabz-workspace/address-book)
2025-04-21T11:08:47.640+05:30 DEBUG 81760 --- [address-book] [main] c.b.address_book.AddressBookApplication  : Running with Spring Boot v3.3.10, Spring v6.1.18
2025-04-21T11:08:47.641+05:30  INFO 81760 --- [address-book] [main] c.b.address_book.AddressBookApplication  : The following 1 profile is active: "dev"
2025-04-21T11:08:52.300+05:30  WARN 81760 --- [address-book] [main] JpaBaseConfiguration$JpaWebConfiguration : spring.jpa.open-in-view is enabled by default. Therefore, database queries may be performed during view rendering. Explicitly configure spring.jpa.open-in-view to disable this warning
2025-04-21T11:08:53.498+05:30  INFO 81760 --- [address-book] [main] c.b.address_book.AddressBookApplication  : Started AddressBookApplication in 6.696 seconds (process running for 7.344)
2025-04-21T11:10:44.156+05:30  WARN 81760 --- [address-book] [http-nio-8081-exec-8] .w.s.m.s.DefaultHandlerExceptionResolver : Resolved [org.springframework.web.HttpRequestMethodNotSupportedException: Request method 'POST' is not supported]
2025-04-21T11:30:46.309+05:30  INFO 82232 --- [address-book] [main] c.b.address_book.AddressBookApplication  : Starting AddressBookApplication using Java 17.0.6 with PID 82232 (/Users/sanyakhanna/Desktop/bridgelabz-workspace/address-book/target/classes started by sanyakhanna in /Users/sanyakhanna/Desktop/bridgelabz-workspace/address-book)
2025-04-21T11:30:46.313+05:30 DEBUG 82232 --- [address-book] [main] c.b.address_book.AddressBookApplication  : Running with Spring Boot v3.3.10, Spring v6.1.18
2025-04-21T11:30:46.315+05:30  INFO 82232 --- [address-book] [main] c.b.address_book.AddressBookApplication  : The following 1 profile is active: "dev"
2025-04-21T11:30:50.981+05:30  WARN 82232 --- [address-book] [main] JpaBaseConfiguration$JpaWebConfiguration : spring.jpa.open-in-view is enabled by default. Therefore, database queries may be performed during view rendering. Explicitly configure spring.jpa.open-in-view to disable this warning
2025-04-21T11:30:52.079+05:30  INFO 82232 --- [address-book] [main] c.b.address_book.AddressBookApplication  : Started AddressBookApplication in 6.611 seconds (process running for 7.295)
2025-04-21T11:33:27.282+05:30  INFO 82271 --- [address-book] [main] c.b.address_book.AddressBookApplication  : Starting AddressBookApplication using Java 17.0.6 with PID 82271 (/Users/sanyakhanna/Desktop/bridgelabz-workspace/address-book/target/classes started by sanyakhanna in /Users/sanyakhanna/Desktop/bridgelabz-workspace/address-book)
2025-04-21T11:33:27.285+05:30 DEBUG 82271 --- [address-book] [main] c.b.address_book.AddressBookApplication  : Running with Spring Boot v3.3.10, Spring v6.1.18
2025-04-21T11:33:27.287+05:30  INFO 82271 --- [address-book] [main] c.b.address_book.AddressBookApplication  : The following 1 profile is active: "dev"
2025-04-21T11:33:31.935+05:30  WARN 82271 --- [address-book] [main] JpaBaseConfiguration$JpaWebConfiguration : spring.jpa.open-in-view is enabled by default. Therefore, database queries may be performed during view rendering. Explicitly configure spring.jpa.open-in-view to disable this warning
2025-04-21T11:33:33.013+05:30  INFO 82271 --- [address-book] [main] c.b.address_book.AddressBookApplication  : Started AddressBookApplication in 6.587 seconds (process running for 7.25)
2025-04-21T11:35:08.355+05:30 ERROR 82271 --- [address-book] [http-nio-8081-exec-5] o.a.c.c.C.[.[.[/].[dispatcherServlet]    : Servlet.service() for servlet [dispatcherServlet] in context with path [] threw exception [Request processing failed: java.lang.IndexOutOfBoundsException: Index 2 out of bounds for length 2] with root cause

java.lang.IndexOutOfBoundsException: Index 2 out of bounds for length 2
	at java.base/jdk.internal.util.Preconditions.outOfBounds(Preconditions.java:64) ~[na:na]
	at java.base/jdk.internal.util.Preconditions.outOfBoundsCheckIndex(Preconditions.java:70) ~[na:na]
	at java.base/jdk.internal.util.Preconditions.checkIndex(Preconditions.java:266) ~[na:na]
	at java.base/java.util.Objects.checkIndex(Objects.java:359) ~[na:na]
	at java.base/java.util.ArrayList.remove(ArrayList.java:504) ~[na:na]
	at com.bridgelabz.address_book.services.AddressBookService.deleteAddressData(AddressBookService.java:44) ~[classes/:na]
	at com.bridgelabz.address_book.controller.AddressBookController.deleteAddressData(AddressBookController.java:55) ~[classes/:na]
	at java.base/jdk.internal.reflect.NativeMethodAccessorImpl.invoke0(Native Method) ~[na:na]
	at java.base/jdk.internal.reflect.NativeMethodAccessorImpl.invoke(NativeMethodAccessorImpl.java:77) ~[na:na]
	at java.base/jdk.internal.reflect.DelegatingMethodAccessorImpl.invoke(DelegatingMethodAccessorImpl.java:43) ~[na:na]
	at java.base/java.lang.reflect.Method.invoke(Method.java:568) ~[na:na]
	at org.springframework.web.method.support.InvocableHandlerMethod.doInvoke(InvocableHandlerMethod.java:255) ~[spring-web-6.1.18.jar:6.1.18]
	at org.springframework.web.method.support.InvocableHandlerMethod.invokeForRequest(InvocableHandlerMethod.java:188) ~[spring-web-6.1.18.jar:6.1.18]
	at org.springframework.web.servlet.mvc.method.annotation.ServletInvocableHandlerMethod.invokeAndHandle(ServletInvocableHandlerMethod.java:118) ~[spring-webmvc-6.1.18.jar:6.1.18]
	at org.springframework.web.servlet.mvc.method.annotation.RequestMappingHandlerAdapter.invokeHandlerMethod(RequestMappingHandlerAdapter.java:926) ~[spring-webmvc-6.1.18.jar:6.1.18]
	at org.springframework.web.servlet.mvc.method.annotation.RequestMappingHandlerAdapter.handleInternal(RequestMappingHandlerAdapter.java:831) ~[spring-webmvc-6.1.18.jar:6.1.18]
	at org.springframework.web.servlet.mvc.method.AbstractHandlerMethodAdapter.handle(AbstractHandlerMethodAdapter.java:87) ~[spring-webmvc-6.1.18.jar:6.1.18]
	at org.springframework.web.servlet.DispatcherServlet.doDispatch(DispatcherServlet.java:1089) ~[spring-webmvc-6.1.18.jar:6.1.18]
	at org.springframework.web.servlet.DispatcherServlet.doService(DispatcherServlet.java:979) ~[spring-webmvc-6.1.18.jar:6.1.18]
	at org.springframework.web.servlet.FrameworkServlet.processRequest(FrameworkServlet.java:1014) ~[spring-webmvc-6.1.18.jar:6.1.18]
	at org.springframework.web.servlet.FrameworkServlet.doDelete(FrameworkServlet.java:936) ~[spring-webmvc-6.1.18.jar:6.1.18]
	at jakarta.servlet.http.HttpServlet.service(HttpServlet.java:596) ~[tomcat-embed-core-10.1.39.jar:6.0]
	at org.springframework.web.servlet.FrameworkServlet.service(FrameworkServlet.java:885) ~[spring-webmvc-6.1.18.jar:6.1.18]
	at jakarta.servlet.http.HttpServlet.service(HttpServlet.java:658) ~[tomcat-embed-core-10.1.39.jar:6.0]
	at org.apache.catalina.core.ApplicationFilterChain.internalDoFilter(ApplicationFilterChain.java:195) ~[tomcat-embed-core-10.1.39.jar:10.1.39]
	at org.apache.catalina.core.ApplicationFilterChain.doFilter(ApplicationFilterChain.java:140) ~[tomcat-embed-core-10.1.39.jar:10.1.39]
	at org.apache.tomcat.websocket.server.WsFilter.doFilter(WsFilter.java:51) ~[tomcat-embed-websocket-10.1.39.jar:10.1.39]
	at org.apache.catalina.core.ApplicationFilterChain.internalDoFilter(ApplicationFilterChain.java:164) ~[tomcat-embed-core-10.1.39.jar:10.1.39]
	at org.apache.catalina.core.ApplicationFilterChain.doFilter(ApplicationFilterChain.java:140) ~[tomcat-embed-core-10.1.39.jar:10.1.39]
	at org.springframework.web.filter.RequestContextFilter.doFilterInternal(RequestContextFilter.java:100) ~[spring-web-6.1.18.jar:6.1.18]
	at org.springframework.web.filter.OncePerRequestFilter.doFilter(OncePerRequestFilter.java:116) ~[spring-web-6.1.18.jar:6.1.18]
	at org.apache.catalina.core.ApplicationFilterChain.internalDoFilter(ApplicationFilterChain.java:164) ~[tomcat-embed-core-10.1.39.jar:10.1.39]
	at org.apache.catalina.core.ApplicationFilterChain.doFilter(ApplicationFilterChain.java:140) ~[tomcat-embed-core-10.1.39.jar:10.1.39]
	at org.springframework.web.filter.FormContentFilter.doFilterInternal(FormContentFilter.java:93) ~[spring-web-6.1.18.jar:6.1.18]
	at org.springframework.web.filter.OncePerRequestFilter.doFilter(OncePerRequestFilter.java:116) ~[spring-web-6.1.18.jar:6.1.18]
	at org.apache.catalina.core.ApplicationFilterChain.internalDoFilter(ApplicationFilterChain.java:164) ~[tomcat-embed-core-10.1.39.jar:10.1.39]
	at org.apache.catalina.core.ApplicationFilterChain.doFilter(ApplicationFilterChain.java:140) ~[tomcat-embed-core-10.1.39.jar:10.1.39]
	at org.springframework.web.filter.CharacterEncodingFilter.doFilterInternal(CharacterEncodingFilter.java:201) ~[spring-web-6.1.18.jar:6.1.18]
	at org.springframework.web.filter.OncePerRequestFilter.doFilter(OncePerRequestFilter.java:116) ~[spring-web-6.1.18.jar:6.1.18]
	at org.apache.catalina.core.ApplicationFilterChain.internalDoFilter(ApplicationFilterChain.java:164) ~[tomcat-embed-core-10.1.39.jar:10.1.39]
	at org.apache.catalina.core.ApplicationFilterChain.doFilter(ApplicationFilterChain.java:140) ~[tomcat-embed-core-10.1.39.jar:10.1.39]
	at org.apache.catalina.core.StandardWrapperValve.invoke(StandardWrapperValve.java:167) ~[tomcat-embed-core-10.1.39.jar:10.1.39]
	at org.apache.catalina.core.StandardContextValve.invoke(StandardContextValve.java:90) ~[tomcat-embed-core-10.1.39.jar:10.1.39]
	at org.apache.catalina.authenticator.AuthenticatorBase.invoke(AuthenticatorBase.java:483) ~[tomcat-embed-core-10.1.39.jar:10.1.39]
	at org.apache.catalina.core.StandardHostValve.invoke(StandardHostValve.java:115) ~[tomcat-embed-core-10.1.39.jar:10.1.39]
	at org.apache.catalina.valves.ErrorReportValve.invoke(ErrorReportValve.java:93) ~[tomcat-embed-core-10.1.39.jar:10.1.39]
	at org.apache.catalina.core.StandardEngineValve.invoke(StandardEngineValve.java:74) ~[tomcat-embed-core-10.1.39.jar:10.1.39]
	at org.apache.catalina.connector.CoyoteAdapter.service(CoyoteAdapter.java:344) ~[tomcat-embed-core-10.1.39.jar:10.1.39]
	at org.apache.coyote.http11.Http11Processor.service(Http11Processor.java:397) ~[tomcat-embed-core-10.1.39.jar:10.1.39]
	at org.apache.coyote.AbstractProcessorLight.process(AbstractProcessorLight.java:63) ~[tomcat-embed-core-10.1.39.jar:10.1.39]
	at org.apache.coyote.AbstractProtocol$ConnectionHandler.process(AbstractProtocol.java:905) ~[tomcat-embed-core-10.1.39.jar:10.1.39]
	at org.apache.tomcat.util.net.NioEndpoint$SocketProcessor.doRun(NioEndpoint.java:1743) ~[tomcat-embed-core-10.1.39.jar:10.1.39]
	at org.apache.tomcat.util.net.SocketProcessorBase.run(SocketProcessorBase.java:52) ~[tomcat-embed-core-10.1.39.jar:10.1.39]
	at org.apache.tomcat.util.threads.ThreadPoolExecutor.runWorker(ThreadPoolExecutor.java:1190) ~[tomcat-embed-core-10.1.39.jar:10.1.39]
	at org.apache.tomcat.util.threads.ThreadPoolExecutor$Worker.run(ThreadPoolExecutor.java:659) ~[tomcat-embed-core-10.1.39.jar:10.1.39]
	at org.apache.tomcat.util.threads.TaskThread$WrappingRunnable.run(TaskThread.java:63) ~[tomcat-embed-core-10.1.39.jar:10.1.39]
	at java.base/java.lang.Thread.run(Thread.java:833) ~[na:na]

2025-04-21T11:40:17.541+05:30  INFO 82399 --- [address-book] [main] c.b.address_book.AddressBookApplication  : Starting AddressBookApplication using Java 17.0.6 with PID 82399 (/Users/sanyakhanna/Desktop/bridgelabz-workspace/address-book/target/classes started by sanyakhanna in /Users/sanyakhanna/Desktop/bridgelabz-workspace/address-book)
2025-04-21T11:40:17.547+05:30 DEBUG 82399 --- [address-book] [main] c.b.address_book.AddressBookApplication  : Running with Spring Boot v3.3.10, Spring v6.1.18
2025-04-21T11:40:17.549+05:30  INFO 82399 --- [address-book] [main] c.b.address_book.AddressBookApplication  : The following 1 profile is active: "dev"
2025-04-21T11:40:22.569+05:30  WARN 82399 --- [address-book] [main] JpaBaseConfiguration$JpaWebConfiguration : spring.jpa.open-in-view is enabled by default. Therefore, database queries may be performed during view rendering. Explicitly configure spring.jpa.open-in-view to disable this warning
2025-04-21T11:40:23.552+05:30  INFO 82399 --- [address-book] [main] c.b.address_book.AddressBookApplication  : Started AddressBookApplication in 7.003 seconds (process running for 7.66)
2025-04-21T11:40:53.351+05:30 ERROR 82399 --- [address-book] [http-nio-8081-exec-6] o.a.c.c.C.[.[.[/].[dispatcherServlet]    : Servlet.service() for servlet [dispatcherServlet] in context with path [] threw exception [Request processing failed: java.util.NoSuchElementException: No value present] with root cause

java.util.NoSuchElementException: No value present
	at java.base/java.util.Optional.orElseThrow(Optional.java:377) ~[na:na]
	at com.bridgelabz.address_book.services.AddressBookService.getAddressDataById(AddressBookService.java:24) ~[classes/:na]
	at com.bridgelabz.address_book.controller.AddressBookController.getAddressDataById(AddressBookController.java:32) ~[classes/:na]
	at java.base/jdk.internal.reflect.NativeMethodAccessorImpl.invoke0(Native Method) ~[na:na]
	at java.base/jdk.internal.reflect.NativeMethodAccessorImpl.invoke(NativeMethodAccessorImpl.java:77) ~[na:na]
	at java.base/jdk.internal.reflect.DelegatingMethodAccessorImpl.invoke(DelegatingMethodAccessorImpl.java:43) ~[na:na]
	at java.base/java.lang.reflect.Method.invoke(Method.java:568) ~[na:na]
	at org.springframework.web.method.support.InvocableHandlerMethod.doInvoke(InvocableHandlerMethod.java:255) ~[spring-web-6.1.18.jar:6.1.18]
	at org.springframework.web.method.support.InvocableHandlerMethod.invokeForRequest(InvocableHandlerMethod.java:188) ~[spring-web-6.1.18.jar:6.1.18]
	at org.springframework.web.servlet.mvc.method.annotation.ServletInvocableHandlerMethod.invokeAndHandle(ServletInvocableHandlerMethod.java:118) ~[spring-webmvc-6.1.18.jar:6.1.18]
	at org.springframework.web.servlet.mvc.method.annotation.RequestMappingHandlerAdapter.invokeHandlerMethod(RequestMappingHandlerAdapter.java:926) ~[spring-webmvc-6.1.18.jar:6.1.18]
	at org.springframework.web.servlet.mvc.method.annotation.RequestMappingHandlerAdapter.handleInternal(RequestMappingHandlerAdapter.java:831) ~[spring-webmvc-6.1.18.jar:6.1.18]
	at org.springframework.web.servlet.mvc.method.AbstractHandlerMethodAdapter.handle(AbstractHandlerMethodAdapter.java:87) ~[spring-webmvc-6.1.18.jar:6.1.18]
	at org.springframework.web.servlet.DispatcherServlet.doDispatch(DispatcherServlet.java:1089) ~[spring-webmvc-6.1.18.jar:6.1.18]
	at org.springframework.web.servlet.DispatcherServlet.doService(DispatcherServlet.java:979) ~[spring-webmvc-6.1.18.jar:6.1.18]
	at org.springframework.web.servlet.FrameworkServlet.processRequest(FrameworkServlet.java:1014) ~[spring-webmvc-6.1.18.jar:6.1.18]
	at org.springframework.web.servlet.FrameworkServlet.doGet(FrameworkServlet.java:903) ~[spring-webmvc-6.1.18.jar:6.1.18]
	at jakarta.servlet.http.HttpServlet.service(HttpServlet.java:564) ~[tomcat-embed-core-10.1.39.jar:6.0]
	at org.springframework.web.servlet.FrameworkServlet.service(FrameworkServlet.java:885) ~[spring-webmvc-6.1.18.jar:6.1.18]
	at jakarta.servlet.http.HttpServlet.service(HttpServlet.java:658) ~[tomcat-embed-core-10.1.39.jar:6.0]
	at org.apache.catalina.core.ApplicationFilterChain.internalDoFilter(ApplicationFilterChain.java:195) ~[tomcat-embed-core-10.1.39.jar:10.1.39]
	at org.apache.catalina.core.ApplicationFilterChain.doFilter(ApplicationFilterChain.java:140) ~[tomcat-embed-core-10.1.39.jar:10.1.39]
	at org.apache.tomcat.websocket.server.WsFilter.doFilter(WsFilter.java:51) ~[tomcat-embed-websocket-10.1.39.jar:10.1.39]
	at org.apache.catalina.core.ApplicationFilterChain.internalDoFilter(ApplicationFilterChain.java:164) ~[tomcat-embed-core-10.1.39.jar:10.1.39]
	at org.apache.catalina.core.ApplicationFilterChain.doFilter(ApplicationFilterChain.java:140) ~[tomcat-embed-core-10.1.39.jar:10.1.39]
	at org.springframework.web.filter.RequestContextFilter.doFilterInternal(RequestContextFilter.java:100) ~[spring-web-6.1.18.jar:6.1.18]
	at org.springframework.web.filter.OncePerRequestFilter.doFilter(OncePerRequestFilter.java:116) ~[spring-web-6.1.18.jar:6.1.18]
	at org.apache.catalina.core.ApplicationFilterChain.internalDoFilter(ApplicationFilterChain.java:164) ~[tomcat-embed-core-10.1.39.jar:10.1.39]
	at org.apache.catalina.core.ApplicationFilterChain.doFilter(ApplicationFilterChain.java:140) ~[tomcat-embed-core-10.1.39.jar:10.1.39]
	at org.springframework.web.filter.FormContentFilter.doFilterInternal(FormContentFilter.java:93) ~[spring-web-6.1.18.jar:6.1.18]
	at org.springframework.web.filter.OncePerRequestFilter.doFilter(OncePerRequestFilter.java:116) ~[spring-web-6.1.18.jar:6.1.18]
	at org.apache.catalina.core.ApplicationFilterChain.internalDoFilter(ApplicationFilterChain.java:164) ~[tomcat-embed-core-10.1.39.jar:10.1.39]
	at org.apache.catalina.core.ApplicationFilterChain.doFilter(ApplicationFilterChain.java:140) ~[tomcat-embed-core-10.1.39.jar:10.1.39]
	at org.springframework.web.filter.CharacterEncodingFilter.doFilterInternal(CharacterEncodingFilter.java:201) ~[spring-web-6.1.18.jar:6.1.18]
	at org.springframework.web.filter.OncePerRequestFilter.doFilter(OncePerRequestFilter.java:116) ~[spring-web-6.1.18.jar:6.1.18]
	at org.apache.catalina.core.ApplicationFilterChain.internalDoFilter(ApplicationFilterChain.java:164) ~[tomcat-embed-core-10.1.39.jar:10.1.39]
	at org.apache.catalina.core.ApplicationFilterChain.doFilter(ApplicationFilterChain.java:140) ~[tomcat-embed-core-10.1.39.jar:10.1.39]
	at org.apache.catalina.core.StandardWrapperValve.invoke(StandardWrapperValve.java:167) ~[tomcat-embed-core-10.1.39.jar:10.1.39]
	at org.apache.catalina.core.StandardContextValve.invoke(StandardContextValve.java:90) ~[tomcat-embed-core-10.1.39.jar:10.1.39]
	at org.apache.catalina.authenticator.AuthenticatorBase.invoke(AuthenticatorBase.java:483) ~[tomcat-embed-core-10.1.39.jar:10.1.39]
	at org.apache.catalina.core.StandardHostValve.invoke(StandardHostValve.java:115) ~[tomcat-embed-core-10.1.39.jar:10.1.39]
	at org.apache.catalina.valves.ErrorReportValve.invoke(ErrorReportValve.java:93) ~[tomcat-embed-core-10.1.39.jar:10.1.39]
	at org.apache.catalina.core.StandardEngineValve.invoke(StandardEngineValve.java:74) ~[tomcat-embed-core-10.1.39.jar:10.1.39]
	at org.apache.catalina.connector.CoyoteAdapter.service(CoyoteAdapter.java:344) ~[tomcat-embed-core-10.1.39.jar:10.1.39]
	at org.apache.coyote.http11.Http11Processor.service(Http11Processor.java:397) ~[tomcat-embed-core-10.1.39.jar:10.1.39]
	at org.apache.coyote.AbstractProcessorLight.process(AbstractProcessorLight.java:63) ~[tomcat-embed-core-10.1.39.jar:10.1.39]
	at org.apache.coyote.AbstractProtocol$ConnectionHandler.process(AbstractProtocol.java:905) ~[tomcat-embed-core-10.1.39.jar:10.1.39]
	at org.apache.tomcat.util.net.NioEndpoint$SocketProcessor.doRun(NioEndpoint.java:1743) ~[tomcat-embed-core-10.1.39.jar:10.1.39]
	at org.apache.tomcat.util.net.SocketProcessorBase.run(SocketProcessorBase.java:52) ~[tomcat-embed-core-10.1.39.jar:10.1.39]
	at org.apache.tomcat.util.threads.ThreadPoolExecutor.runWorker(ThreadPoolExecutor.java:1190) ~[tomcat-embed-core-10.1.39.jar:10.1.39]
	at org.apache.tomcat.util.threads.ThreadPoolExecutor$Worker.run(ThreadPoolExecutor.java:659) ~[tomcat-embed-core-10.1.39.jar:10.1.39]
	at org.apache.tomcat.util.threads.TaskThread$WrappingRunnable.run(TaskThread.java:63) ~[tomcat-embed-core-10.1.39.jar:10.1.39]
	at java.base/java.lang.Thread.run(Thread.java:833) ~[na:na]

2025-04-21T13:33:10.108+05:30  INFO 83150 --- [address-book] [main] c.b.address_book.AddressBookApplication  : Starting AddressBookApplication using Java 17.0.6 with PID 83150 (/Users/sanyakhanna/Desktop/bridgelabz-workspace/address-book/target/classes started by sanyakhanna in /Users/sanyakhanna/Desktop/bridgelabz-workspace/address-book)
2025-04-21T13:33:10.111+05:30 DEBUG 83150 --- [address-book] [main] c.b.address_book.AddressBookApplication  : Running with Spring Boot v3.3.10, Spring v6.1.18
2025-04-21T13:33:10.113+05:30  INFO 83150 --- [address-book] [main] c.b.address_book.AddressBookApplication  : The following 1 profile is active: "dev"
2025-04-21T13:33:15.120+05:30  WARN 83150 --- [address-book] [main] JpaBaseConfiguration$JpaWebConfiguration : spring.jpa.open-in-view is enabled by default. Therefore, database queries may be performed during view rendering. Explicitly configure spring.jpa.open-in-view to disable this warning
2025-04-21T13:33:16.247+05:30  INFO 83150 --- [address-book] [main] c.b.address_book.AddressBookApplication  : Started AddressBookApplication in 7.003 seconds (process running for 7.667)
2025-04-21T13:33:16.260+05:30  INFO 83150 --- [address-book] [main] c.b.address_book.AddressBookApplication  : Address Book App Started in DEV Environment
2025-04-21T13:45:57.223+05:30  INFO 83377 --- [address-book] [main] c.b.address_book.AddressBookApplication  : Starting AddressBookApplication using Java 17.0.6 with PID 83377 (/Users/sanyakhanna/Desktop/bridgelabz-workspace/address-book/target/classes started by sanyakhanna in /Users/sanyakhanna/Desktop/bridgelabz-workspace/address-book)
2025-04-21T13:45:57.230+05:30 DEBUG 83377 --- [address-book] [main] c.b.address_book.AddressBookApplication  : Running with Spring Boot v3.3.10, Spring v6.1.18
2025-04-21T13:45:57.231+05:30  INFO 83377 --- [address-book] [main] c.b.address_book.AddressBookApplication  : The following 1 profile is active: "dev"
2025-04-21T13:46:02.710+05:30  WARN 83377 --- [address-book] [main] JpaBaseConfiguration$JpaWebConfiguration : spring.jpa.open-in-view is enabled by default. Therefore, database queries may be performed during view rendering. Explicitly configure spring.jpa.open-in-view to disable this warning
2025-04-21T13:46:03.998+05:30  INFO 83377 --- [address-book] [main] c.b.address_book.AddressBookApplication  : Started AddressBookApplication in 7.623 seconds (process running for 8.289)
2025-04-21T13:46:04.004+05:30  INFO 83377 --- [address-book] [main] c.b.address_book.AddressBookApplication  : Address Book App Started in DEV Environment
2025-04-21T13:49:52.879+05:30  INFO 83412 --- [address-book] [main] c.b.address_book.AddressBookApplication  : Starting AddressBookApplication using Java 17.0.6 with PID 83412 (/Users/sanyakhanna/Desktop/bridgelabz-workspace/address-book/target/classes started by sanyakhanna in /Users/sanyakhanna/Desktop/bridgelabz-workspace/address-book)
2025-04-21T13:49:52.881+05:30 DEBUG 83412 --- [address-book] [main] c.b.address_book.AddressBookApplication  : Running with Spring Boot v3.3.10, Spring v6.1.18
2025-04-21T13:49:52.882+05:30  INFO 83412 --- [address-book] [main] c.b.address_book.AddressBookApplication  : The following 1 profile is active: "dev"
2025-04-21T13:49:57.422+05:30  WARN 83412 --- [address-book] [main] JpaBaseConfiguration$JpaWebConfiguration : spring.jpa.open-in-view is enabled by default. Therefore, database queries may be performed during view rendering. Explicitly configure spring.jpa.open-in-view to disable this warning
2025-04-21T13:49:58.565+05:30  INFO 83412 --- [address-book] [main] c.b.address_book.AddressBookApplication  : Started AddressBookApplication in 6.537 seconds (process running for 7.162)
2025-04-21T13:49:58.571+05:30  INFO 83412 --- [address-book] [main] c.b.address_book.AddressBookApplication  : Address Book App Started in DEV Environment
2025-04-21T13:50:34.929+05:30  WARN 83412 --- [address-book] [http-nio-8081-exec-1] .w.s.m.s.DefaultHandlerExceptionResolver : Resolved [org.springframework.http.converter.HttpMessageNotReadableException: JSON parse error: No content to map due to end-of-input]
2025-04-21T13:50:50.735+05:30  WARN 83412 --- [address-book] [http-nio-8081-exec-7] .w.s.m.s.DefaultHandlerExceptionResolver : Resolved [org.springframework.web.bind.MethodArgumentNotValidException: Validation failed for argument [0] in public org.springframework.http.ResponseEntity<com.bridgelabz.address_book.dto.ResponseDTO> com.bridgelabz.address_book.controller.AddressBookController.addAddressData(com.bridgelabz.address_book.dto.AddressDTO) with 2 errors: [Field error in object 'addressDTO' on field 'phone': rejected value [24356789]; codes [Pattern.addressDTO.phone,Pattern.phone,Pattern.java.lang.String,Pattern]; arguments [org.springframework.context.support.DefaultMessageSourceResolvable: codes [addressDTO.phone,phone]; arguments []; default message [phone],[Ljakarta.validation.constraints.Pattern$Flag;@1fbe72d7,^[0-9]{10}$]; default message [Phone number must be 10 digits]] [Field error in object 'addressDTO' on field 'name': rejected value [abc]; codes [Pattern.addressDTO.name,Pattern.name,Pattern.java.lang.String,Pattern]; arguments [org.springframework.context.support.DefaultMessageSourceResolvable: codes [addressDTO.name,name]; arguments []; default message [name],[Ljakarta.validation.constraints.Pattern$Flag;@1fbe72d7,^[A-Z]{1}[a-zA-Z\s]{2,}$]; default message [Invalid name]] ]
2025-04-21T13:50:58.709+05:30  WARN 83412 --- [address-book] [http-nio-8081-exec-10] .w.s.m.s.DefaultHandlerExceptionResolver : Resolved [org.springframework.web.bind.MethodArgumentNotValidException: Validation failed for argument [0] in public org.springframework.http.ResponseEntity<com.bridgelabz.address_book.dto.ResponseDTO> com.bridgelabz.address_book.controller.AddressBookController.addAddressData(com.bridgelabz.address_book.dto.AddressDTO) with 3 errors: [Field error in object 'addressDTO' on field 'phone': rejected value [24356789]; codes [Pattern.addressDTO.phone,Pattern.phone,Pattern.java.lang.String,Pattern]; arguments [org.springframework.context.support.DefaultMessageSourceResolvable: codes [addressDTO.phone,phone]; arguments []; default message [phone],[Ljakarta.validation.constraints.Pattern$Flag;@1fbe72d7,^[0-9]{10}$]; default message [Phone number must be 10 digits]] [Field error in object 'addressDTO' on field 'name': rejected value []; codes [Pattern.addressDTO.name,Pattern.name,Pattern.java.lang.String,Pattern]; arguments [org.springframework.context.support.DefaultMessageSourceResolvable: codes [addressDTO.name,name]; arguments []; default message [name],[Ljakarta.validation.constraints.Pattern$Flag;@1fbe72d7,^[A-Z]{1}[a-zA-Z\s]{2,}$]; default message [Invalid name]] [Field error in object 'addressDTO' on field 'name': rejected value []; codes [NotEmpty.addressDTO.name,NotEmpty.name,NotEmpty.java.lang.String,NotEmpty]; arguments [org.springframework.context.support.DefaultMessageSourceResolvable: codes [addressDTO.name,name]; arguments []; default message [name]]; default message [User name can't be null]] ]
2025-04-21T13:51:13.533+05:30  WARN 83412 --- [address-book] [http-nio-8081-exec-2] .w.s.m.s.DefaultHandlerExceptionResolver : Resolved [org.springframework.web.bind.MethodArgumentNotValidException: Validation failed for argument [0] in public org.springframework.http.ResponseEntity<com.bridgelabz.address_book.dto.ResponseDTO> com.bridgelabz.address_book.controller.AddressBookController.addAddressData(com.bridgelabz.address_book.dto.AddressDTO) with 2 errors: [Field error in object 'addressDTO' on field 'phone': rejected value []; codes [NotBlank.addressDTO.phone,NotBlank.phone,NotBlank.java.lang.String,NotBlank]; arguments [org.springframework.context.support.DefaultMessageSourceResolvable: codes [addressDTO.phone,phone]; arguments []; default message [phone]]; default message [Phone number is required]] [Field error in object 'addressDTO' on field 'phone': rejected value []; codes [Pattern.addressDTO.phone,Pattern.phone,Pattern.java.lang.String,Pattern]; arguments [org.springframework.context.support.DefaultMessageSourceResolvable: codes [addressDTO.phone,phone]; arguments []; default message [phone],[Ljakarta.validation.constraints.Pattern$Flag;@1fbe72d7,^[0-9]{10}$]; default message [Phone number must be 10 digits]] ]
